  Source.cpp
C:\Users\mstfo\source\repos\SuperMarket\SuperMarket\Source.cpp(114,15): warning C4244: 'argument': conversion from 'time_t' to 'unsigned int', possible loss of data
C:\Users\mstfo\source\repos\SuperMarket\SuperMarket\Source.cpp(133,41): warning C4305: 'initializing': truncation from 'double' to 'float'
C:\Users\mstfo\source\repos\SuperMarket\SuperMarket\Source.cpp(134,41): warning C4305: 'initializing': truncation from 'double' to 'float'
C:\Users\mstfo\source\repos\SuperMarket\SuperMarket\Source.cpp(135,41): warning C4305: 'initializing': truncation from 'double' to 'float'
C:\Users\mstfo\source\repos\SuperMarket\SuperMarket\Source.cpp(136,41): warning C4305: 'initializing': truncation from 'double' to 'float'
C:\Users\mstfo\source\repos\SuperMarket\SuperMarket\Source.cpp(152,50): warning C4305: 'initializing': truncation from 'double' to 'float'
C:\Users\mstfo\source\repos\SuperMarket\SuperMarket\Source.cpp(153,50): warning C4305: 'initializing': truncation from 'double' to 'float'
C:\Users\mstfo\source\repos\SuperMarket\SuperMarket\Source.cpp(154,50): warning C4305: 'initializing': truncation from 'double' to 'float'
C:\Users\mstfo\source\repos\SuperMarket\SuperMarket\Source.cpp(156,50): warning C4305: 'initializing': truncation from 'double' to 'float'
C:\Users\mstfo\source\repos\SuperMarket\SuperMarket\Source.cpp(157,50): warning C4305: 'initializing': truncation from 'double' to 'float'
C:\Users\mstfo\source\repos\SuperMarket\SuperMarket\Source.cpp(158,50): warning C4305: 'initializing': truncation from 'double' to 'float'
C:\Users\mstfo\source\repos\SuperMarket\SuperMarket\Source.cpp(159,50): warning C4305: 'initializing': truncation from 'double' to 'float'
C:\Users\mstfo\source\repos\SuperMarket\SuperMarket\Source.cpp(160,50): warning C4305: 'initializing': truncation from 'double' to 'float'
C:\Users\mstfo\source\repos\SuperMarket\SuperMarket\Source.cpp(162,50): warning C4305: 'initializing': truncation from 'double' to 'float'
C:\Users\mstfo\source\repos\SuperMarket\SuperMarket\Source.cpp(164,50): warning C4305: 'initializing': truncation from 'double' to 'float'
C:\Users\mstfo\source\repos\SuperMarket\SuperMarket\Source.cpp(166,50): warning C4305: 'initializing': truncation from 'double' to 'float'
C:\Users\mstfo\source\repos\SuperMarket\SuperMarket\Source.cpp(168,50): warning C4305: 'initializing': truncation from 'double' to 'float'
C:\Users\mstfo\source\repos\SuperMarket\SuperMarket\Source.cpp(169,50): warning C4305: 'initializing': truncation from 'double' to 'float'
C:\Users\mstfo\source\repos\SuperMarket\SuperMarket\Source.cpp(170,50): warning C4305: 'initializing': truncation from 'double' to 'float'
C:\Users\mstfo\source\repos\SuperMarket\SuperMarket\Source.cpp(171,50): warning C4305: 'initializing': truncation from 'double' to 'float'
C:\Users\mstfo\source\repos\SuperMarket\SuperMarket\Source.cpp(175,45): warning C4305: 'initializing': truncation from 'double' to 'float'
C:\Users\mstfo\source\repos\SuperMarket\SuperMarket\Source.cpp(176,45): warning C4305: 'initializing': truncation from 'double' to 'float'
C:\Users\mstfo\source\repos\SuperMarket\SuperMarket\Source.cpp(178,45): warning C4305: 'initializing': truncation from 'double' to 'float'
C:\Users\mstfo\source\repos\SuperMarket\SuperMarket\Source.cpp(513,1): warning C4102: 'x': unreferenced label
C:\Users\mstfo\source\repos\SuperMarket\SuperMarket\Source.cpp(3085,65): warning C4244: '-=': conversion from 'double' to 'int', possible loss of data
C:\Users\mstfo\source\repos\SuperMarket\SuperMarket\Source.cpp(3137,53): warning C4244: '-=': conversion from 'double' to 'int', possible loss of data
C:\Users\mstfo\source\repos\SuperMarket\SuperMarket\Source.cpp(3190,56): warning C4244: '-=': conversion from 'double' to 'int', possible loss of data
C:\Users\mstfo\source\repos\SuperMarket\SuperMarket\Source.cpp(3242,60): warning C4244: '-=': conversion from 'double' to 'int', possible loss of data
C:\Users\mstfo\source\repos\SuperMarket\SuperMarket\Source.cpp(3294,61): warning C4244: '-=': conversion from 'double' to 'int', possible loss of data
C:\Users\mstfo\source\repos\SuperMarket\SuperMarket\Source.cpp(3346,55): warning C4244: '-=': conversion from 'double' to 'int', possible loss of data
C:\Users\mstfo\source\repos\SuperMarket\SuperMarket\Source.cpp(3065,5): warning C4102: 't': unreferenced label
C:\Users\mstfo\source\repos\SuperMarket\SuperMarket\Source.cpp(3441,69): warning C4244: '+=': conversion from 'double' to 'int', possible loss of data
C:\Users\mstfo\source\repos\SuperMarket\SuperMarket\Source.cpp(3446,57): warning C4244: '+=': conversion from 'double' to 'int', possible loss of data
C:\Users\mstfo\source\repos\SuperMarket\SuperMarket\Source.cpp(3451,60): warning C4244: '+=': conversion from 'double' to 'int', possible loss of data
C:\Users\mstfo\source\repos\SuperMarket\SuperMarket\Source.cpp(3456,64): warning C4244: '+=': conversion from 'double' to 'int', possible loss of data
C:\Users\mstfo\source\repos\SuperMarket\SuperMarket\Source.cpp(3461,65): warning C4244: '+=': conversion from 'double' to 'int', possible loss of data
C:\Users\mstfo\source\repos\SuperMarket\SuperMarket\Source.cpp(3466,59): warning C4244: '+=': conversion from 'double' to 'int', possible loss of data
C:\Users\mstfo\source\repos\SuperMarket\SuperMarket\Source.cpp(3541,69): warning C4244: '+=': conversion from 'double' to 'int', possible loss of data
C:\Users\mstfo\source\repos\SuperMarket\SuperMarket\Source.cpp(3546,57): warning C4244: '+=': conversion from 'double' to 'int', possible loss of data
C:\Users\mstfo\source\repos\SuperMarket\SuperMarket\Source.cpp(3551,60): warning C4244: '+=': conversion from 'double' to 'int', possible loss of data
C:\Users\mstfo\source\repos\SuperMarket\SuperMarket\Source.cpp(3556,64): warning C4244: '+=': conversion from 'double' to 'int', possible loss of data
C:\Users\mstfo\source\repos\SuperMarket\SuperMarket\Source.cpp(3561,65): warning C4244: '+=': conversion from 'double' to 'int', possible loss of data
C:\Users\mstfo\source\repos\SuperMarket\SuperMarket\Source.cpp(3566,59): warning C4244: '+=': conversion from 'double' to 'int', possible loss of data
C:\Users\mstfo\source\repos\SuperMarket\SuperMarket\Source.cpp(3581,69): warning C4244: '-=': conversion from 'double' to 'int', possible loss of data
C:\Users\mstfo\source\repos\SuperMarket\SuperMarket\Source.cpp(3593,57): warning C4244: '-=': conversion from 'double' to 'int', possible loss of data
C:\Users\mstfo\source\repos\SuperMarket\SuperMarket\Source.cpp(3605,60): warning C4244: '-=': conversion from 'double' to 'int', possible loss of data
C:\Users\mstfo\source\repos\SuperMarket\SuperMarket\Source.cpp(3617,64): warning C4244: '-=': conversion from 'double' to 'int', possible loss of data
C:\Users\mstfo\source\repos\SuperMarket\SuperMarket\Source.cpp(3629,65): warning C4244: '-=': conversion from 'double' to 'int', possible loss of data
C:\Users\mstfo\source\repos\SuperMarket\SuperMarket\Source.cpp(3641,59): warning C4244: '-=': conversion from 'double' to 'int', possible loss of data
  SuperMarket.vcxproj -> C:\Users\mstfo\source\repos\SuperMarket\x64\Debug\SuperMarket.exe
